<?xml version="1.0" encoding="UTF-8"?>
<testng-results skipped="0" failed="0" ignored="0" total="1" passed="1">
  <reporter-output>
  </reporter-output>
  <suite name="Default suite" duration-ms="23254" started-at="2018-08-08T16:18:13Z" finished-at="2018-08-08T16:18:36Z">
    <groups>
    </groups>
    <test name="Default test" duration-ms="23254" started-at="2018-08-08T16:18:13Z" finished-at="2018-08-08T16:18:36Z">
      <class name="test1.ErrorRemoval">
        <test-method status="PASS" signature="check()[pri:0, instance:test1.ErrorRemoval@4501b7af]" name="check" duration-ms="23209" started-at="2018-08-08T16:18:13Z" finished-at="2018-08-08T16:18:36Z">
          <reporter-output>
          </reporter-output>
        </test-method> <!-- check -->
      </class> <!-- test1.ErrorRemoval -->
    </test> <!-- Default test -->
  </suite> <!-- Default suite -->
</testng-results>
